<?xml version="1.0" encoding="UTF-8"?>
<!-- Generated by org.testng.reporters.JUnitXMLReporter -->
<testsuite hostname="WFMAC22.local" ignored="0" name="Default test" tests="5" failures="0" timestamp="20 Jun 2018 11:00:21 GMT" time="13.31" errors="0">
  <testcase name="homePageTitleTest" time="0.014" classname="com.rightmove.qa.testcases.HomePageTest"/>
  <testcase name="forSaleAlertPopupTest" time="0.127" classname="com.rightmove.qa.testcases.HomePageTest"/>
  <testcase name="toRentAlertPopupTest" time="0.303" classname="com.rightmove.qa.testcases.HomePageTest"/>
  <testcase name="invalidForSaleSearchOperationTest" time="0.852" classname="com.rightmove.qa.testcases.HomePageTest"/>
  <testcase name="invalidToRentSearchOperationTest" time="0.76" classname="com.rightmove.qa.testcases.HomePageTest"/>
</testsuite> <!-- Default test -->
