<?xml version="1.0" encoding="UTF-8"?>
<!-- Generated by org.testng.reporters.JUnitXMLReporter -->
<testsuite hostname="WFMAC22.local" ignored="0" name="Test" tests="3" failures="0" timestamp="20 Jun 2018 11:01:05 GMT" time="9.284" errors="0">
  <testcase name="homePageTitleTest" time="0.016" classname="com.rightmove.qa.testcases.HomePageTest"/>
  <testcase name="verifyBuyHeaderTitleTest" time="0.033" classname="com.rightmove.qa.testcases.BuySearchPageTest"/>
  <testcase name="verifyRentHeaderTitleTest" time="0.047" classname="com.rightmove.qa.testcases.RentSearchPageTest"/>
</testsuite> <!-- Test -->
