<?xml version="1.0" encoding="UTF-8"?>
<testng-results skipped="0" failed="0" ignored="0" total="3" passed="3">
  <reporter-output>
  </reporter-output>
  <suite name="Suite" duration-ms="9284" started-at="2018-06-20T11:00:55Z" finished-at="2018-06-20T11:01:05Z">
    <groups>
    </groups>
    <test name="Test" duration-ms="9284" started-at="2018-06-20T11:00:55Z" finished-at="2018-06-20T11:01:05Z">
      <class name="com.rightmove.qa.testcases.HomePageTest">
        <test-method status="PASS" signature="setUp()[pri:0, instance:com.rightmove.qa.testcases.HomePageTest@39c0f4a]" name="setUp" is-config="true" duration-ms="2855" started-at="2018-06-20T11:00:55Z" finished-at="2018-06-20T11:00:58Z">
          <reporter-output>
          </reporter-output>
        </test-method> <!-- setUp -->
        <test-method status="PASS" signature="homePageTitleTest()[pri:1, instance:com.rightmove.qa.testcases.HomePageTest@39c0f4a]" name="homePageTitleTest" duration-ms="16" started-at="2018-06-20T11:00:58Z" finished-at="2018-06-20T11:00:58Z">
          <reporter-output>
          </reporter-output>
        </test-method> <!-- homePageTitleTest -->
        <test-method status="PASS" signature="tearDown()[pri:0, instance:com.rightmove.qa.testcases.HomePageTest@39c0f4a]" name="tearDown" is-config="true" duration-ms="81" started-at="2018-06-20T11:00:58Z" finished-at="2018-06-20T11:00:58Z">
          <reporter-output>
          </reporter-output>
        </test-method> <!-- tearDown -->
      </class> <!-- com.rightmove.qa.testcases.HomePageTest -->
      <class name="com.rightmove.qa.testcases.BuySearchPageTest">
        <test-method status="PASS" signature="setUp()[pri:0, instance:com.rightmove.qa.testcases.BuySearchPageTest@1794d431]" name="setUp" is-config="true" duration-ms="2857" started-at="2018-06-20T11:00:58Z" finished-at="2018-06-20T11:01:01Z">
          <reporter-output>
          </reporter-output>
        </test-method> <!-- setUp -->
        <test-method status="PASS" signature="verifyBuyHeaderTitleTest()[pri:1, instance:com.rightmove.qa.testcases.BuySearchPageTest@1794d431]" name="verifyBuyHeaderTitleTest" duration-ms="33" started-at="2018-06-20T11:01:01Z" finished-at="2018-06-20T11:01:01Z">
          <reporter-output>
          </reporter-output>
        </test-method> <!-- verifyBuyHeaderTitleTest -->
        <test-method status="PASS" signature="tearDown()[pri:0, instance:com.rightmove.qa.testcases.BuySearchPageTest@1794d431]" name="tearDown" is-config="true" duration-ms="80" started-at="2018-06-20T11:01:01Z" finished-at="2018-06-20T11:01:01Z">
          <reporter-output>
          </reporter-output>
        </test-method> <!-- tearDown -->
      </class> <!-- com.rightmove.qa.testcases.BuySearchPageTest -->
      <class name="com.rightmove.qa.testcases.RentSearchPageTest">
        <test-method status="PASS" signature="setUp()[pri:0, instance:com.rightmove.qa.testcases.RentSearchPageTest@42e26948]" name="setUp" is-config="true" duration-ms="3181" started-at="2018-06-20T11:01:01Z" finished-at="2018-06-20T11:01:04Z">
          <reporter-output>
          </reporter-output>
        </test-method> <!-- setUp -->
        <test-method status="PASS" signature="verifyRentHeaderTitleTest()[pri:1, instance:com.rightmove.qa.testcases.RentSearchPageTest@42e26948]" name="verifyRentHeaderTitleTest" duration-ms="47" started-at="2018-06-20T11:01:04Z" finished-at="2018-06-20T11:01:05Z">
          <reporter-output>
          </reporter-output>
        </test-method> <!-- verifyRentHeaderTitleTest -->
        <test-method status="PASS" signature="tearDown()[pri:0, instance:com.rightmove.qa.testcases.RentSearchPageTest@42e26948]" name="tearDown" is-config="true" duration-ms="98" started-at="2018-06-20T11:01:05Z" finished-at="2018-06-20T11:01:05Z">
          <reporter-output>
          </reporter-output>
        </test-method> <!-- tearDown -->
      </class> <!-- com.rightmove.qa.testcases.RentSearchPageTest -->
    </test> <!-- Test -->
  </suite> <!-- Suite -->
</testng-results>
